
::group::Analyzing Codebase for Update Risk
Usage scores calculated.
::endgroup::
INFO: Found pinned requirements. Running initial health check and regenerating lockfile...

::group::Initial Baseline Health Check
--> Bootstrap Step 1: Installing dependencies from 'requirements.txt'...
--> Running command: '/home/runner/work/oauthlib_AURA/oauthlib_AURA/initial_check_venv/bin/python -m pip install --no-build-isolation --no-cache-dir -r /home/runner/work/oauthlib_AURA/oauthlib_AURA/requirements.txt' in CWD: '.'

--> Bootstrap Step 3: Running validation suite...

::group::Running Validation

--- Running Smoke Test ---
--> Running command: '/home/runner/work/oauthlib_AURA/oauthlib_AURA/initial_check_venv/bin/python /home/runner/work/oauthlib_AURA/oauthlib_AURA/validation_urllib3.py' in CWD: '.'
Smoke test PASSED.
::endgroup::
--> Running command: '/home/runner/work/oauthlib_AURA/oauthlib_AURA/initial_check_venv/bin/python -m pip freeze' in CWD: '.'
Initial baseline is valid and stable. Overwriting requirements file with clean, frozen state.
::endgroup::
INFO: Dependency graph metrics not found. Entanglement scores will be 0.

::group::UPDATE PASS 1/3

Prioritized Update Plan for this Pass (Highest Risk First):
Rank  | Package                        | % of Total Risk    | Change
----- | ------------------------------ | ------------------ | --------------------
1     | cryptography                   | 33.33             % | 3.4.8 -> 46.0.5
2     | pycparser                      | 33.33             % | 2.23 -> 3.0
3     | blinker                        | 16.67             % | 1.4 -> 1.9.0
4     | PyJWT                          | 16.67             % | 2.1.0 -> 2.11.0

--------------------------------------------------------------------------------
PULSE: [PASS 1 | ATTEMPT 1/4] Processing 'cryptography'
PULSE: Changed packages this pass so far: set()
--------------------------------------------------------------------------------

--> Toplevel Attempt: Trying direct update to cryptography==46.0.5

::group::Probe: Install & Validate for cryptography==46.0.5
--> Probe Step 1: Installing the proposed dependency set...
--> Running command: '/home/runner/work/oauthlib_AURA/oauthlib_AURA/temp_venv/bin/python -m pip install --no-build-isolation --no-cache-dir -r /home/runner/work/oauthlib_AURA/oauthlib_AURA/temp_venv/probe_requirements.txt' in CWD: '.'

--> Probe Step 3: Running validation suite...

::group::Running Validation

--- Running Smoke Test ---
--> Running command: '/home/runner/work/oauthlib_AURA/oauthlib_AURA/temp_venv/bin/python /home/runner/work/oauthlib_AURA/oauthlib_AURA/validation_urllib3.py' in CWD: '.'
Smoke test PASSED.
::endgroup::
--> SUCCESS: Probe passed.
::endgroup::
--> Toplevel Result: Direct update SUCCEEDED.
  -> SUCCESS. Locking in cryptography==46.0.5

--------------------------------------------------------------------------------
PULSE: [PASS 1 | ATTEMPT 2/4] Processing 'pycparser'
PULSE: Changed packages this pass so far: {'cryptography'}
--------------------------------------------------------------------------------

--> Toplevel Attempt: Trying direct update to pycparser==3.0

::group::Probe: Install & Validate for pycparser==3.0
--> Probe Step 1: Installing the proposed dependency set...
--> Running command: '/home/runner/work/oauthlib_AURA/oauthlib_AURA/temp_venv/bin/python -m pip install --no-build-isolation --no-cache-dir -r /home/runner/work/oauthlib_AURA/oauthlib_AURA/temp_venv/probe_requirements.txt' in CWD: '.'
::endgroup::

--> Toplevel Result: Direct update FAILED. Reason: 'Dependency installation failed: The dependency conflict is caused because `pycparser==3.0` requires Python versions >=3.10, making it incompatible with the current environment where only `pycparser` versions up to `2.23` are available.'
    Suspected Blockers (Regex): ['pycparser']
--> Action: Entering Level 1 Healing with 'Filter-Then-Scan' strategy.

::group::Healing 'pycparser': Filter-Then-Scan Strategy

--- Phase 1: Filtering for compatible versions ---
  -> Checking compatibility of pycparser==3.0...
     -- Incompatible. Diagnosis: The dependency conflict is caused by the requirement for `pycparser==3.0` which explicitly requires Python version `>=3.10`, but the current environment's Python version is incompatible, leading to `pycparser==3.0` being ignored and no matching distribution found among the available versions (2.2 through 2.23).

--- Phase 2: Validating compatible versions (newest first) ---
Result: No compatible versions were found. Reverting to last known good version.
::endgroup::

--> Action: Level 1 Healing failed for 'pycparser'. Escalating to Level 2 'Iterative Greedy Expansion'.

    -> [Greedy Expansion Iteration 1/5]

::group::Co-Resolution Probe: Testing plan ['pycparser==3.0']
--> Stage 1: Installing the proposed co-resolution dependency set...
--> Running command: '/home/runner/work/oauthlib_AURA/oauthlib_AURA/temp_co_res_venv/bin/python -m pip install --no-build-isolation --no-cache-dir PyJWT==2.1.0 blinker==1.4 cffi==2.0.0 cryptography==46.0.5 pycparser==3.0' in CWD: '.'
--> ERROR: Co-resolution installation failed.
    Diagnosis: The dependency conflict is caused by the requested `pycparser==3.0` requiring Python >=3.10, which is incompatible with the current environment's older Python version, making `pycparser==3.0` unavailable.
::endgroup::

    -> [Greedy Expansion Iteration 2/5]

       Greedy Heuristic exhausted. Handing dynamic context to Expert.

    -> [LLM Refinement Attempt 1/3] Requesting Expert Plan...
  -> Result for pycparser: Reverted/Kept at 2.23 (No Change).

--------------------------------------------------------------------------------
PULSE: [PASS 1 | ATTEMPT 3/4] Processing 'blinker'
PULSE: Changed packages this pass so far: {'cryptography'}
--------------------------------------------------------------------------------

--> Toplevel Attempt: Trying direct update to blinker==1.9.0

::group::Probe: Install & Validate for blinker==1.9.0
--> Probe Step 1: Installing the proposed dependency set...
--> Running command: '/home/runner/work/oauthlib_AURA/oauthlib_AURA/temp_venv/bin/python -m pip install --no-build-isolation --no-cache-dir -r /home/runner/work/oauthlib_AURA/oauthlib_AURA/temp_venv/probe_requirements.txt' in CWD: '.'

--> Probe Step 3: Running validation suite...

::group::Running Validation

--- Running Smoke Test ---
--> Running command: '/home/runner/work/oauthlib_AURA/oauthlib_AURA/temp_venv/bin/python /home/runner/work/oauthlib_AURA/oauthlib_AURA/validation_urllib3.py' in CWD: '.'
Smoke test PASSED.
::endgroup::
--> SUCCESS: Probe passed.
::endgroup::
--> Toplevel Result: Direct update SUCCEEDED.
  -> SUCCESS. Locking in blinker==1.9.0

--------------------------------------------------------------------------------
PULSE: [PASS 1 | ATTEMPT 4/4] Processing 'PyJWT'
PULSE: Changed packages this pass so far: {'cryptography', 'blinker'}
--------------------------------------------------------------------------------

--> Toplevel Attempt: Trying direct update to PyJWT==2.11.0

::group::Probe: Install & Validate for PyJWT==2.11.0
--> Probe Step 1: Installing the proposed dependency set...
--> Running command: '/home/runner/work/oauthlib_AURA/oauthlib_AURA/temp_venv/bin/python -m pip install --no-build-isolation --no-cache-dir -r /home/runner/work/oauthlib_AURA/oauthlib_AURA/temp_venv/probe_requirements.txt' in CWD: '.'

--> Probe Step 3: Running validation suite...

::group::Running Validation

--- Running Smoke Test ---
--> Running command: '/home/runner/work/oauthlib_AURA/oauthlib_AURA/temp_venv/bin/python /home/runner/work/oauthlib_AURA/oauthlib_AURA/validation_urllib3.py' in CWD: '.'
Smoke test PASSED.
::endgroup::
--> SUCCESS: Probe passed.
::endgroup::
--> Toplevel Result: Direct update SUCCEEDED.
  -> SUCCESS. Locking in PyJWT==2.11.0
::endgroup::

Pass complete with changes.

::group::UPDATE PASS 2/3

Prioritized Update Plan for this Pass (Highest Risk First):
Rank  | Package                        | % of Total Risk    | Change
----- | ------------------------------ | ------------------ | --------------------
1     | pycparser                      | 100.00            % | 2.23 -> 3.0

--------------------------------------------------------------------------------
PULSE: [PASS 2 | ATTEMPT 1/1] Processing 'pycparser'
PULSE: Changed packages this pass so far: set()
--------------------------------------------------------------------------------

--> Toplevel Attempt: Trying direct update to pycparser==3.0

::group::Probe: Install & Validate for pycparser==3.0
--> Probe Step 1: Installing the proposed dependency set...
--> Running command: '/home/runner/work/oauthlib_AURA/oauthlib_AURA/temp_venv/bin/python -m pip install --no-build-isolation --no-cache-dir -r /home/runner/work/oauthlib_AURA/oauthlib_AURA/temp_venv/probe_requirements.txt' in CWD: '.'
::endgroup::

--> Toplevel Result: Direct update FAILED. Reason: 'Dependency installation failed: The root cause of the dependency conflict is the inability to install `pycparser==3.0` because it requires Python version `>=3.10`, making it incompatible with the current environment and leaving no other matching distribution for `3.0` among the available `pycparser` versions (`2.2` to `2.23`).'
    Suspected Blockers (Regex): ['pycparser']
--> Action: Entering Level 1 Healing with 'Filter-Then-Scan' strategy.

::group::Healing 'pycparser': Filter-Then-Scan Strategy

--- Phase 1: Filtering for compatible versions ---
  -> Checking compatibility of pycparser==3.0...
     -- Incompatible. Diagnosis: The root cause of the dependency conflict is that `pycparser==3.0` requires Python >=3.10, which is not met by the current environment, leading to version `3.0` being ignored, and no other available `pycparser` versions (ranging from `2.2` to `2.23`) satisfy the exact `3.0` requirement.

--- Phase 2: Validating compatible versions (newest first) ---
Result: No compatible versions were found. Reverting to last known good version.
::endgroup::

--> Action: Level 1 Healing failed for 'pycparser'. Escalating to Level 2 'Iterative Greedy Expansion'.

    -> [Greedy Expansion Iteration 1/5]

::group::Co-Resolution Probe: Testing plan ['pycparser==3.0']
--> Stage 1: Installing the proposed co-resolution dependency set...
--> Running command: '/home/runner/work/oauthlib_AURA/oauthlib_AURA/temp_co_res_venv/bin/python -m pip install --no-build-isolation --no-cache-dir PyJWT==2.11.0 blinker==1.9.0 cffi==2.0.0 cryptography==46.0.5 pycparser==3.0' in CWD: '.'
--> ERROR: Co-resolution installation failed.
    Diagnosis: The root cause of the dependency conflict is that the required `pycparser==3.0` cannot be installed because it specifically requires Python version `>=3.10`, which is incompatible with the current Python environment.
::endgroup::

    -> [Greedy Expansion Iteration 2/5]

       Greedy Heuristic exhausted. Handing dynamic context to Expert.

    -> [LLM Refinement Attempt 1/3] Requesting Expert Plan...
  -> LLM_WARNING: Plan filtered because it contained no upgrades.
  -> Result for pycparser: Reverted/Kept at 2.23 (No Change).
::endgroup::

No effective version changes were possible in this pass. The system has converged.

######################################################################
### OVERALL UPDATE RUN SUMMARY ###

[SUCCESS] The following packages were successfully updated:
Package                        | Old Version          | New Version         
------------------------------ | -------------------- | --------------------
cryptography                   | 3.4.8                | 46.0.5              
blinker                        | 1.4                  | 1.9.0               
PyJWT                          | 2.1.0                | 2.11.0              
######################################################################


Run complete. The final requirements.txt is the latest provably working version.
